<?xml version="1.0" encoding="UTF-8"?>
<robot generator="Robot 7.4.1 (Python 3.13.7 on darwin)" generated="2026-01-21T14:32:11.131716" rpa="false" schemaversion="5">
<suite id="s1" name="Tests" source="/Users/lucasserranorocco/Documents/DemoApiAutomation/tests">
<suite id="s1-s1" name="Api Tests" source="/Users/lucasserranorocco/Documents/DemoApiAutomation/tests/api_tests.robot">
<test id="s1-s1-t1" name="Executar Cenarios Definidos" line="6">
<kw name="Ler Cenarios Do Excel" owner="keywords">
<kw name="Evaluate" owner="BuiltIn">
<msg time="2026-01-21T14:32:11.203455" level="INFO">${wb} = &lt;openpyxl.workbook.workbook.Workbook object at 0x107009940&gt;</msg>
<var>${wb}</var>
<arg>__import__('openpyxl').load_workbook('data/cenarios_demo.xlsx')</arg>
<arg>modules=openpyxl</arg>
<doc>Evaluates the given expression in Python and returns the result.</doc>
<status status="PASS" start="2026-01-21T14:32:11.152326" elapsed="0.051160"/>
</kw>
<kw name="Set Variable" owner="BuiltIn">
<msg time="2026-01-21T14:32:11.203843" level="INFO">${sheet} = &lt;Worksheet "Planilha1"&gt;</msg>
<var>${sheet}</var>
<arg>${wb.active}</arg>
<doc>Returns the given values which can then be assigned to a variables.</doc>
<status status="PASS" start="2026-01-21T14:32:11.203573" elapsed="0.000282"/>
</kw>
<kw name="Create List" owner="BuiltIn">
<msg time="2026-01-21T14:32:11.203996" level="INFO">${rows} = []</msg>
<var>${rows}</var>
<doc>Returns a list containing given items.</doc>
<status status="PASS" start="2026-01-21T14:32:11.203897" elapsed="0.000112"/>
</kw>
<for flavor="IN">
<iter>
<kw name="Create Dictionary" owner="BuiltIn">
<msg time="2026-01-21T14:32:11.204671" level="INFO">${dict_row} = {'CENARIO': 'HealthCheck API', 'EXECUTAR': 'YES'}</msg>
<var>${dict_row}</var>
<arg>CENARIO=${row}[0]</arg>
<arg>EXECUTAR=${row}[1]</arg>
<doc>Creates and returns a dictionary based on the given ``items``.</doc>
<status status="PASS" start="2026-01-21T14:32:11.204321" elapsed="0.000361"/>
</kw>
<kw name="Append To List" owner="Collections">
<arg>${rows}</arg>
<arg>${dict_row}</arg>
<doc>Adds ``values`` to the end of ``list``.</doc>
<status status="PASS" start="2026-01-21T14:32:11.204721" elapsed="0.000080"/>
</kw>
<var name="${row}">('HealthCheck API', 'YES')</var>
<status status="PASS" start="2026-01-21T14:32:11.204281" elapsed="0.000534"/>
</iter>
<iter>
<kw name="Create Dictionary" owner="BuiltIn">
<msg time="2026-01-21T14:32:11.205007" level="INFO">${dict_row} = {'CENARIO': 'Users API', 'EXECUTAR': 'NO'}</msg>
<var>${dict_row}</var>
<arg>CENARIO=${row}[0]</arg>
<arg>EXECUTAR=${row}[1]</arg>
<doc>Creates and returns a dictionary based on the given ``items``.</doc>
<status status="PASS" start="2026-01-21T14:32:11.204881" elapsed="0.000135"/>
</kw>
<kw name="Append To List" owner="Collections">
<arg>${rows}</arg>
<arg>${dict_row}</arg>
<doc>Adds ``values`` to the end of ``list``.</doc>
<status status="PASS" start="2026-01-21T14:32:11.205046" elapsed="0.000055"/>
</kw>
<var name="${row}">('Users API', 'NO')</var>
<status status="PASS" start="2026-01-21T14:32:11.204852" elapsed="0.000261"/>
</iter>
<iter>
<kw name="Create Dictionary" owner="BuiltIn">
<msg time="2026-01-21T14:32:11.205276" level="INFO">${dict_row} = {'CENARIO': 'Orders API', 'EXECUTAR': 'YES'}</msg>
<var>${dict_row}</var>
<arg>CENARIO=${row}[0]</arg>
<arg>EXECUTAR=${row}[1]</arg>
<doc>Creates and returns a dictionary based on the given ``items``.</doc>
<status status="PASS" start="2026-01-21T14:32:11.205165" elapsed="0.000120"/>
</kw>
<kw name="Append To List" owner="Collections">
<arg>${rows}</arg>
<arg>${dict_row}</arg>
<doc>Adds ``values`` to the end of ``list``.</doc>
<status status="PASS" start="2026-01-21T14:32:11.205314" elapsed="0.000055"/>
</kw>
<var name="${row}">('Orders API', 'YES')</var>
<status status="PASS" start="2026-01-21T14:32:11.205140" elapsed="0.000241"/>
</iter>
<var>${row}</var>
<value>@{sheet.iter_rows(min_row=2, values_only=True)}</value>
<status status="PASS" start="2026-01-21T14:32:11.204050" elapsed="0.001340"/>
</for>
<return>
<value>${rows}</value>
<status status="PASS" start="2026-01-21T14:32:11.205409" elapsed="0.000018"/>
</return>
<msg time="2026-01-21T14:32:11.205477" level="INFO">${rows} = [{'CENARIO': 'HealthCheck API', 'EXECUTAR': 'YES'}, {'CENARIO': 'Users API', 'EXECUTAR': 'NO'}, {'CENARIO': 'Orders API', 'EXECUTAR': 'YES'}]</msg>
<var>${rows}</var>
<status status="PASS" start="2026-01-21T14:32:11.152110" elapsed="0.053375"/>
</kw>
<for flavor="IN">
<iter>
<kw name="Run Keyword If" owner="BuiltIn">
<kw name="Rodar Cenário">
<kw name="Log" owner="BuiltIn">
<msg time="2026-01-21T14:32:11.205973" level="INFO">Rodando cenário: HealthCheck API</msg>
<arg>Rodando cenário: ${cenario}</arg>
<doc>Logs the given message with the given level.</doc>
<status status="PASS" start="2026-01-21T14:32:11.205874" elapsed="0.000115"/>
</kw>
<arg>${row}[CENARIO]</arg>
<status status="PASS" start="2026-01-21T14:32:11.205774" elapsed="0.000234"/>
</kw>
<arg>'${row}[EXECUTAR]' == 'YES'</arg>
<arg>Rodar Cenário</arg>
<arg>${row}[CENARIO]</arg>
<doc>Runs the given keyword with the given arguments, if ``condition`` is true.</doc>
<status status="PASS" start="2026-01-21T14:32:11.205609" elapsed="0.000414"/>
</kw>
<var name="${row}">{'CENARIO': 'HealthCheck API', 'EXECUTAR': 'YES'}</var>
<status status="PASS" start="2026-01-21T14:32:11.205579" elapsed="0.000455"/>
</iter>
<iter>
<kw name="Run Keyword If" owner="BuiltIn">
<arg>'${row}[EXECUTAR]' == 'YES'</arg>
<arg>Rodar Cenário</arg>
<arg>${row}[CENARIO]</arg>
<doc>Runs the given keyword with the given arguments, if ``condition`` is true.</doc>
<status status="PASS" start="2026-01-21T14:32:11.206087" elapsed="0.000093"/>
</kw>
<var name="${row}">{'CENARIO': 'Users API', 'EXECUTAR': 'NO'}</var>
<status status="PASS" start="2026-01-21T14:32:11.206062" elapsed="0.000132"/>
</iter>
<iter>
<kw name="Run Keyword If" owner="BuiltIn">
<kw name="Rodar Cenário">
<kw name="Log" owner="BuiltIn">
<msg time="2026-01-21T14:32:11.206509" level="INFO">Rodando cenário: Orders API</msg>
<arg>Rodando cenário: ${cenario}</arg>
<doc>Logs the given message with the given level.</doc>
<status status="PASS" start="2026-01-21T14:32:11.206438" elapsed="0.000085"/>
</kw>
<arg>${row}[CENARIO]</arg>
<status status="PASS" start="2026-01-21T14:32:11.206359" elapsed="0.000181"/>
</kw>
<arg>'${row}[EXECUTAR]' == 'YES'</arg>
<arg>Rodar Cenário</arg>
<arg>${row}[CENARIO]</arg>
<doc>Runs the given keyword with the given arguments, if ``condition`` is true.</doc>
<status status="PASS" start="2026-01-21T14:32:11.206246" elapsed="0.000306"/>
</kw>
<var name="${row}">{'CENARIO': 'Orders API', 'EXECUTAR': 'YES'}</var>
<status status="PASS" start="2026-01-21T14:32:11.206220" elapsed="0.000342"/>
</iter>
<var>${row}</var>
<value>@{rows}</value>
<status status="PASS" start="2026-01-21T14:32:11.205535" elapsed="0.001038"/>
</for>
<status status="PASS" start="2026-01-21T14:32:11.151803" elapsed="0.054831"/>
</test>
<status status="PASS" start="2026-01-21T14:32:11.147338" elapsed="0.059436"/>
</suite>
<status status="PASS" start="2026-01-21T14:32:11.132237" elapsed="0.074685"/>
</suite>
<statistics>
<total>
<stat pass="1" fail="0" skip="0">All Tests</stat>
</total>
<tag>
</tag>
<suite>
<stat name="Tests" id="s1" pass="1" fail="0" skip="0">Tests</stat>
<stat name="Api Tests" id="s1-s1" pass="1" fail="0" skip="0">Tests.Api Tests</stat>
</suite>
</statistics>
<errors>
</errors>
</robot>
